2022-07-16 11:53:24,660-[ISDAL]: Checkpoint Path: output/0716115324
2022-07-16 11:53:24,661-[ISDAL]: Dataset : cifar10
2022-07-16 11:53:24,661-[ISDAL]: Model : ResNet18
2022-07-16 11:53:24,661-[ISDAL]: Visdom Port: 9000
2022-07-16 11:53:24,661-[ISDAL]: CONFIG -- DATASET - NUM_TRAIN: 50000
2022-07-16 11:53:24,661-[ISDAL]: CONFIG -- DATASET - NUM_VAL: 0
2022-07-16 11:53:24,661-[ISDAL]: CONFIG -- DATASET - ROOT: {'cifar10': './data/cifar-10', 'cifar100': './data/cifar-100'}
2022-07-16 11:53:24,661-[ISDAL]: CONFIG -- ACTIVE_LEARNING - TRIALS: 10
2022-07-16 11:53:24,661-[ISDAL]: CONFIG -- ACTIVE_LEARNING - CYCLES: 10
2022-07-16 11:53:24,661-[ISDAL]: CONFIG -- ACTIVE_LEARNING - ADDENDUM: 2500
2022-07-16 11:53:24,661-[ISDAL]: CONFIG -- ACTIVE_LEARNING - SUBSET: 10000
2022-07-16 11:53:24,661-[ISDAL]: CONFIG -- TRAIN - BATCH: 128
2022-07-16 11:53:24,661-[ISDAL]: CONFIG -- TRAIN - EPOCH: 200
2022-07-16 11:53:24,661-[ISDAL]: CONFIG -- TRAIN - LR: 0.1
2022-07-16 11:53:24,661-[ISDAL]: CONFIG -- TRAIN - MILESTONES: [160]
2022-07-16 11:53:24,661-[ISDAL]: CONFIG -- TRAIN - EPOCHL: 1
2022-07-16 11:53:24,661-[ISDAL]: CONFIG -- TRAIN - MOMENTUM: 0.9
2022-07-16 11:53:24,661-[ISDAL]: CONFIG -- TRAIN - WDECAY: 0.0005
2022-07-16 11:53:24,661-[ISDAL]: CONFIG -- TRAIN - MIN_CLBR: 0.1
2022-07-16 11:53:24,661-[ISDAL]: CONFIG -- TRAIN - MAX_CLBR: 0.1
2022-07-16 11:53:24,661-[ISDAL]: CONFIG -- LEARNING_LOSS - MARGIN: 1.0
2022-07-16 11:53:24,661-[ISDAL]: CONFIG -- LEARNING_LOSS - WEIGHT: 1.0
Files already downloaded and verified
Files already downloaded and verified
Files already downloaded and verified
2022-07-16 11:53:33,381-[ISDAL]: >> Train a Model.
2022-07-16 11:57:21,872-[ISDAL]: >> Finished.
2022-07-16 11:57:21,933-[ISDAL]: Start Test
acc: 71.78
2022-07-16 11:57:21,933-[ISDAL]: End Test
2022-07-16 11:57:21,933-[ISDAL]: Trial 1/10 || Cycle 1/10 || Label set size 2500: lambda_0: 1.0 Selecting metric: ISDAL Test acc 71.78
Selecting data
2022-07-16 11:57:25,445-[ISDAL]: >> Train a Model.
2022-07-16 12:04:59,891-[ISDAL]: >> Finished.
2022-07-16 12:04:59,956-[ISDAL]: Start Test
acc: 83.1
2022-07-16 12:04:59,956-[ISDAL]: End Test
2022-07-16 12:04:59,956-[ISDAL]: Trial 1/10 || Cycle 2/10 || Label set size 5000: lambda_0: 1.0 Selecting metric: ISDAL Test acc 83.1
Selecting data
2022-07-16 12:05:03,690-[ISDAL]: >> Train a Model.
2022-07-16 12:16:12,622-[ISDAL]: >> Finished.
2022-07-16 12:16:12,690-[ISDAL]: Start Test
acc: 87.68
2022-07-16 12:16:12,690-[ISDAL]: End Test
2022-07-16 12:16:12,691-[ISDAL]: Trial 1/10 || Cycle 3/10 || Label set size 7500: lambda_0: 1.0 Selecting metric: ISDAL Test acc 87.68
Selecting data
2022-07-16 12:16:16,138-[ISDAL]: >> Train a Model.
2022-07-16 12:31:10,591-[ISDAL]: >> Finished.
2022-07-16 12:31:10,664-[ISDAL]: Start Test
acc: 90.14
2022-07-16 12:31:10,664-[ISDAL]: End Test
2022-07-16 12:31:10,664-[ISDAL]: Trial 1/10 || Cycle 4/10 || Label set size 10000: lambda_0: 1.0 Selecting metric: ISDAL Test acc 90.14
Selecting data
2022-07-16 12:31:14,825-[ISDAL]: >> Train a Model.
2022-07-16 12:50:09,047-[ISDAL]: >> Finished.
2022-07-16 12:50:09,116-[ISDAL]: Start Test
acc: 91.95
2022-07-16 12:50:09,117-[ISDAL]: End Test
2022-07-16 12:50:09,117-[ISDAL]: Trial 1/10 || Cycle 5/10 || Label set size 12500: lambda_0: 1.0 Selecting metric: ISDAL Test acc 91.95
Selecting data
2022-07-16 12:50:13,241-[ISDAL]: >> Train a Model.
2022-07-16 13:13:09,825-[ISDAL]: >> Finished.
2022-07-16 13:13:09,890-[ISDAL]: Start Test
acc: 92.47
2022-07-16 13:13:09,890-[ISDAL]: End Test
2022-07-16 13:13:09,890-[ISDAL]: Trial 1/10 || Cycle 6/10 || Label set size 15000: lambda_0: 1.0 Selecting metric: ISDAL Test acc 92.47
Selecting data
2022-07-16 13:13:14,189-[ISDAL]: >> Train a Model.
2022-07-16 13:40:17,990-[ISDAL]: >> Finished.
2022-07-16 13:40:18,060-[ISDAL]: Start Test
acc: 93.41
2022-07-16 13:40:18,061-[ISDAL]: End Test
2022-07-16 13:40:18,061-[ISDAL]: Trial 1/10 || Cycle 7/10 || Label set size 17500: lambda_0: 1.0 Selecting metric: ISDAL Test acc 93.41
Selecting data