2022-07-16 19:29:23,276-[ISDAL]: Checkpoint Path: output/0716192923
2022-07-16 19:29:23,276-[ISDAL]: Dataset : cifar10
2022-07-16 19:29:23,276-[ISDAL]: Model : Vgg16
2022-07-16 19:29:23,276-[ISDAL]: Visdom Port: 9000
2022-07-16 19:29:23,277-[ISDAL]: CONFIG -- DATASET - NUM_TRAIN: 50000
2022-07-16 19:29:23,277-[ISDAL]: CONFIG -- DATASET - NUM_VAL: 0
2022-07-16 19:29:23,277-[ISDAL]: CONFIG -- DATASET - ROOT: {'cifar10': './data/cifar-10', 'cifar100': './data/cifar-100'}
2022-07-16 19:29:23,277-[ISDAL]: CONFIG -- ACTIVE_LEARNING - TRIALS: 10
2022-07-16 19:29:23,277-[ISDAL]: CONFIG -- ACTIVE_LEARNING - CYCLES: 10
2022-07-16 19:29:23,277-[ISDAL]: CONFIG -- ACTIVE_LEARNING - ADDENDUM: 1000
2022-07-16 19:29:23,277-[ISDAL]: CONFIG -- ACTIVE_LEARNING - SUBSET: 10000
2022-07-16 19:29:23,277-[ISDAL]: CONFIG -- TRAIN - BATCH: 128
2022-07-16 19:29:23,277-[ISDAL]: CONFIG -- TRAIN - EPOCH: 200
2022-07-16 19:29:23,277-[ISDAL]: CONFIG -- TRAIN - LR: 0.1
2022-07-16 19:29:23,277-[ISDAL]: CONFIG -- TRAIN - MILESTONES: [160]
2022-07-16 19:29:23,277-[ISDAL]: CONFIG -- TRAIN - EPOCHL: 1
2022-07-16 19:29:23,277-[ISDAL]: CONFIG -- TRAIN - MOMENTUM: 0.9
2022-07-16 19:29:23,277-[ISDAL]: CONFIG -- TRAIN - WDECAY: 0.0005
2022-07-16 19:29:23,277-[ISDAL]: CONFIG -- TRAIN - MIN_CLBR: 0.1
2022-07-16 19:29:23,277-[ISDAL]: CONFIG -- TRAIN - MAX_CLBR: 0.1
2022-07-16 19:29:23,277-[ISDAL]: CONFIG -- LEARNING_LOSS - MARGIN: 1.0
2022-07-16 19:29:23,277-[ISDAL]: CONFIG -- LEARNING_LOSS - WEIGHT: 1.0
Files already downloaded and verified
Files already downloaded and verified
Files already downloaded and verified
2022-07-16 19:29:31,048-[ISDAL]: >> Train a Model.
2022-07-16 19:32:44,768-[ISDAL]: >> Finished.
2022-07-16 19:32:44,876-[ISDAL]: Start Test
acc: 42.72
2022-07-16 19:32:44,876-[ISDAL]: End Test
2022-07-16 19:32:44,876-[ISDAL]: Trial 1/10 || Cycle 1/10 || Label set size 1000: lambda_0: 1.0 Selecting metric: ISDAL Test acc 42.72
Selecting data
2022-07-16 19:32:53,254-[ISDAL]: >> Train a Model.
2022-07-16 19:39:02,884-[ISDAL]: >> Finished.
2022-07-16 19:39:02,980-[ISDAL]: Start Test
acc: 68.43
2022-07-16 19:39:02,980-[ISDAL]: End Test
2022-07-16 19:39:02,980-[ISDAL]: Trial 1/10 || Cycle 2/10 || Label set size 2000: lambda_0: 1.0 Selecting metric: ISDAL Test acc 68.43
Selecting data
2022-07-16 19:39:10,465-[ISDAL]: >> Train a Model.
2022-07-16 19:48:49,038-[ISDAL]: >> Finished.
2022-07-16 19:48:49,133-[ISDAL]: Start Test
acc: 76.32
2022-07-16 19:48:49,133-[ISDAL]: End Test
2022-07-16 19:48:49,133-[ISDAL]: Trial 1/10 || Cycle 3/10 || Label set size 3000: lambda_0: 1.0 Selecting metric: ISDAL Test acc 76.32
Selecting data
2022-07-16 19:48:57,502-[ISDAL]: >> Train a Model.
2022-07-16 20:01:51,595-[ISDAL]: >> Finished.
2022-07-16 20:01:51,684-[ISDAL]: Start Test
acc: 79.51
2022-07-16 20:01:51,685-[ISDAL]: End Test
2022-07-16 20:01:51,685-[ISDAL]: Trial 1/10 || Cycle 4/10 || Label set size 4000: lambda_0: 1.0 Selecting metric: ISDAL Test acc 79.51
Selecting data
2022-07-16 20:02:00,433-[ISDAL]: >> Train a Model.
2022-07-16 20:18:05,686-[ISDAL]: >> Finished.
2022-07-16 20:18:05,770-[ISDAL]: Start Test
acc: 80.47
2022-07-16 20:18:05,770-[ISDAL]: End Test
2022-07-16 20:18:05,770-[ISDAL]: Trial 1/10 || Cycle 5/10 || Label set size 5000: lambda_0: 1.0 Selecting metric: ISDAL Test acc 80.47
Selecting data
2022-07-16 20:18:14,369-[ISDAL]: >> Train a Model.
2022-07-16 20:38:05,406-[ISDAL]: >> Finished.
2022-07-16 20:38:05,489-[ISDAL]: Start Test
acc: 84.6
2022-07-16 20:38:05,490-[ISDAL]: End Test
2022-07-16 20:38:05,490-[ISDAL]: Trial 1/10 || Cycle 6/10 || Label set size 6000: lambda_0: 1.0 Selecting metric: ISDAL Test acc 84.6
Selecting data
2022-07-16 20:38:14,913-[ISDAL]: >> Train a Model.
2022-07-16 21:01:49,458-[ISDAL]: >> Finished.
2022-07-16 21:01:49,548-[ISDAL]: Start Test
acc: 86.25
2022-07-16 21:01:49,549-[ISDAL]: End Test
2022-07-16 21:01:49,549-[ISDAL]: Trial 1/10 || Cycle 7/10 || Label set size 7000: lambda_0: 1.0 Selecting metric: ISDAL Test acc 86.25
Selecting data
2022-07-16 21:01:59,093-[ISDAL]: >> Train a Model.
2022-07-16 21:28:41,867-[ISDAL]: >> Finished.
2022-07-16 21:28:41,954-[ISDAL]: Start Test
acc: 87.2
2022-07-16 21:28:41,954-[ISDAL]: End Test
2022-07-16 21:28:41,954-[ISDAL]: Trial 1/10 || Cycle 8/10 || Label set size 8000: lambda_0: 1.0 Selecting metric: ISDAL Test acc 87.2
Selecting data
2022-07-16 21:28:51,483-[ISDAL]: >> Train a Model.
2022-07-16 21:59:38,256-[ISDAL]: >> Finished.
2022-07-16 21:59:38,340-[ISDAL]: Start Test
acc: 88.23
2022-07-16 21:59:38,340-[ISDAL]: End Test
2022-07-16 21:59:38,340-[ISDAL]: Trial 1/10 || Cycle 9/10 || Label set size 9000: lambda_0: 1.0 Selecting metric: ISDAL Test acc 88.23
Selecting data
2022-07-16 21:59:47,989-[ISDAL]: >> Train a Model.
2022-07-16 22:34:14,089-[ISDAL]: >> Finished.
2022-07-16 22:34:14,182-[ISDAL]: Start Test
acc: 88.96
2022-07-16 22:34:14,182-[ISDAL]: End Test
2022-07-16 22:34:14,182-[ISDAL]: Trial 1/10 || Cycle 10/10 || Label set size 10000: lambda_0: 1.0 Selecting metric: ISDAL Test acc 88.96