ADS: 
    Training time for one cycle :2688.59 seconds
    2021-10-22 23:16:38,040-[random]: Start Test
    2021-10-22 23:16:41,045-[random]: End Test
    2021-10-22 23:16:41,046-[random]: Trial 1/10 || Cycle 1/10 || Label set size 1000
    Sampling time for one cycle :4.83 seconds

    Params
    Total params: 11,693,120
    Trainable params: 11,693,120
    Non-trainable params: 0
    ----------------------------------------------------------------
    Input size (MB): 0.01
    Forward/backward pass size (MB): 11.27
    Params size (MB): 44.61
    Estimated Total Size (MB): 55.88

ISDAL
    Training time for one cycle :138.30 seconds
    2021-10-23 09:24:19,017-[ISDAL]: Start Test
    acc: 0
    2021-10-23 09:24:19,017-[ISDAL]: End Test
    2021-10-23 09:24:19,018-[ISDAL]: Trial 1/10 || Cycle 1/10 || Label set size 1000
    Selecting data
    Sampling time for one cycle :7.59 seconds

    Params:
    ================================================================
    Total params: 11,436,106
    Trainable params: 11,436,106
    Non-trainable params: 0
    ----------------------------------------------------------------
    Input size (MB): 0.01
    Forward/backward pass size (MB): 11.25
    Params size (MB): 43.63
    Estimated Total Size (MB): 54.89
    ----------------------------------------------------------------
    parameters_count: 11436106
